<?xml version="1.0" encoding="UTF-8"?>
<testsuite name="se.gabnet.projectgeo.ProjectgeoApplicationTests" tests="1" skipped="0" failures="0" errors="0" timestamp="2024-03-14T09:32:13" hostname="pugbot" time="0.319">
  <properties/>
  <testcase name="contextLoads()" classname="se.gabnet.projectgeo.ProjectgeoApplicationTests" time="0.319"/>
  <system-out><![CDATA[10:32:11.929 [Test worker] INFO org.springframework.test.context.support.AnnotationConfigContextLoaderUtils -- Could not detect default configuration classes for test class [se.gabnet.projectgeo.ProjectgeoApplicationTests]: ProjectgeoApplicationTests does not declare any static, non-private, non-final, nested classes annotated with @Configuration.
10:32:11.975 [Test worker] INFO org.springframework.boot.test.context.SpringBootTestContextBootstrapper -- Found @SpringBootConfiguration se.gabnet.projectgeo.ProjectGeoApplication for test class se.gabnet.projectgeo.ProjectgeoApplicationTests
  .   ____          _            __ _ _
 /\\ / ___'_ __ _ _(_)_ __  __ _ \ \ \ \
( ( )\___ | '_ | '_| | '_ \/ _` | \ \ \ \
 \\/  ___)| |_)| | | | | || (_| |  ) ) ) )
  '  |____| .__|_| |_|_| |_\__, | / / / /
 =========|_|==============|___/=/_/_/_/

 :: Spring Boot ::       (v3.3.0-SNAPSHOT)

2024-03-14T10:32:12.140+01:00  INFO 32422 --- [    Test worker] s.g.p.ProjectgeoApplicationTests         : Starting ProjectgeoApplicationTests using Java 21 with PID 32422 (started by gabrielmb in /home/gabrielmb/Documents/Projects/ProjectGeo)
2024-03-14T10:32:12.141+01:00  INFO 32422 --- [    Test worker] s.g.p.ProjectgeoApplicationTests         : No active profile set, falling back to 1 default profile: "default"
2024-03-14T10:32:12.428+01:00  INFO 32422 --- [    Test worker] .s.d.r.c.RepositoryConfigurationDelegate : Bootstrapping Spring Data JPA repositories in DEFAULT mode.
2024-03-14T10:32:12.463+01:00  INFO 32422 --- [    Test worker] .s.d.r.c.RepositoryConfigurationDelegate : Finished Spring Data repository scanning in 31 ms. Found 7 JPA repository interfaces.
2024-03-14T10:32:12.674+01:00  INFO 32422 --- [    Test worker] com.zaxxer.hikari.HikariDataSource       : HikariPool-1 - Starting...
2024-03-14T10:32:12.724+01:00  INFO 32422 --- [    Test worker] com.zaxxer.hikari.pool.HikariPool        : HikariPool-1 - Added connection org.postgresql.jdbc.PgConnection@4dfdfe7d
2024-03-14T10:32:12.725+01:00  INFO 32422 --- [    Test worker] com.zaxxer.hikari.HikariDataSource       : HikariPool-1 - Start completed.
2024-03-14T10:32:12.749+01:00  INFO 32422 --- [    Test worker] o.hibernate.jpa.internal.util.LogHelper  : HHH000204: Processing PersistenceUnitInfo [name: default]
2024-03-14T10:32:12.772+01:00  INFO 32422 --- [    Test worker] org.hibernate.Version                    : HHH000412: Hibernate ORM core version 6.4.4.Final
2024-03-14T10:32:12.788+01:00  INFO 32422 --- [    Test worker] o.h.c.internal.RegionFactoryInitiator    : HHH000026: Second-level cache disabled
2024-03-14T10:32:12.890+01:00  INFO 32422 --- [    Test worker] o.s.o.j.p.SpringPersistenceUnitInfo      : No LoadTimeWeaver setup: ignoring JPA class transformer
2024-03-14T10:32:13.336+01:00  INFO 32422 --- [    Test worker] o.h.e.t.j.p.i.JtaPlatformInitiator       : HHH000489: No JTA platform available (set 'hibernate.transaction.jta.platform' to enable JTA platform integration)
2024-03-14T10:32:13.412+01:00  INFO 32422 --- [    Test worker] j.LocalContainerEntityManagerFactoryBean : Initialized JPA EntityManagerFactory for persistence unit 'default'
2024-03-14T10:32:13.705+01:00  WARN 32422 --- [    Test worker] JpaBaseConfiguration$JpaWebConfiguration : spring.jpa.open-in-view is enabled by default. Therefore, database queries may be performed during view rendering. Explicitly configure spring.jpa.open-in-view to disable this warning
2024-03-14T10:32:13.913+01:00  INFO 32422 --- [    Test worker] s.g.p.ProjectgeoApplicationTests         : Started ProjectgeoApplicationTests in 1.877 seconds (process running for 2.373)
]]></system-out>
  <system-err><![CDATA[WARNING: A Java agent has been loaded dynamically (/home/gabrielmb/.gradle/caches/modules-2/files-2.1/net.bytebuddy/byte-buddy-agent/1.14.12/be4984cb6fd1ef1d11f218a648889dfda44b8a15/byte-buddy-agent-1.14.12.jar)
WARNING: If a serviceability tool is in use, please run with -XX:+EnableDynamicAgentLoading to hide this warning
WARNING: If a serviceability tool is not in use, please run with -Djdk.instrument.traceUsage for more information
WARNING: Dynamic loading of agents will be disallowed by default in a future release
]]></system-err>
</testsuite>
